<?xml version="1.0" encoding="UTF-8"?>
<!-- Generated by org.testng.reporters.JUnitXMLReporter -->
<testsuite hostname="DESKTOP-BGV4ULO" name="Test" tests="1" failures="0" timestamp="7 Sep 2021 03:49:17 GMT" time="0.333" errors="0">
  <testcase name="@BeforeClass setup" time="0.0" classname="com.inetbanking.testcases.TC_LoginTest_001">
    <failure type="java.lang.IllegalStateException" message="The driver executable does not exist: D:\Ankita java\New April\inetbankingv1\readconfig.getchromepath()">
      <![CDATA[java.lang.IllegalStateException: The driver executable does not exist: D:\Ankita java\New April\inetbankingv1\readconfig.getchromepath()
	at com.google.common.base.Preconditions.checkState(Preconditions.java:585)
	at org.openqa.selenium.remote.service.DriverService.checkExecutable(DriverService.java:137)
	at org.openqa.selenium.remote.service.DriverService.findExecutable(DriverService.java:132)
	at org.openqa.selenium.chrome.ChromeDriverService.access$000(ChromeDriverService.java:35)
	at org.openqa.selenium.chrome.ChromeDriverService$Builder.findDefaultExecutable(ChromeDriverService.java:156)
	at org.openqa.selenium.remote.service.DriverService$Builder.build(DriverService.java:346)
	at org.openqa.selenium.chrome.ChromeDriverService.createDefaultService(ChromeDriverService.java:91)
	at org.openqa.selenium.chrome.ChromeDriver.<init>(ChromeDriver.java:123)
	at com.inetbanking.testcases.BaseClass.setup(BaseClass.java:31)
... Removed 25 stack frames]]>
    </failure>
  </testcase> <!-- @BeforeClass setup -->
  <testcase name="@AfterClass teardown" time="0.0" classname="com.inetbanking.testcases.TC_LoginTest_001">
    <skipped/>
  </testcase> <!-- @AfterClass teardown -->
  <testcase name="logintest" time="0.0" classname="com.inetbanking.testcases.TC_LoginTest_001">
    <skipped/>
  </testcase> <!-- logintest -->
</testsuite> <!-- Test -->
